<?xml version="1.0" encoding="UTF-8"?>
<!-- Generated by org.testng.reporters.JUnitReportReporter -->
<testsuite hostname="Abdulraheem" failures="0" tests="3" name="Mytestcases" time="0.181" errors="0" timestamp="2024-10-30T21:43:20 EET" skipped="2">
  <testcase classname="Mytestcases" name="SelectTag" time="0.181"/>
  <system-out/>
  <testcase classname="Mytestcases" name="RadioButtons">
    <skipped/>
  </testcase> <!-- RadioButtons -->
  <system-out/>
  <testcase classname="Mytestcases" name="DynamicDropDown">
    <skipped/>
  </testcase> <!-- DynamicDropDown -->
  <system-out/>
</testsuite> <!-- Mytestcases -->
