<?xml version="1.0" encoding="UTF-8"?>
<!-- Generated by org.testng.reporters.JUnitReportReporter -->
<testsuite hostname="Abdulraheem" failures="0" tests="13" name="Mytestcases" time="8.302" errors="0" timestamp="2024-11-04T21:11:44 EET" skipped="12">
  <testcase classname="Mytestcases" name="iFrame" time="8.302"/>
  <system-out/>
  <testcase classname="Mytestcases" name="TableExample">
    <skipped/>
  </testcase> <!-- TableExample -->
  <system-out/>
  <testcase classname="Mytestcases" name="switchTABS">
    <skipped/>
  </testcase> <!-- switchTABS -->
  <system-out/>
  <testcase classname="Mytestcases" name="RadioButtons">
    <skipped/>
  </testcase> <!-- RadioButtons -->
  <system-out/>
  <testcase classname="Mytestcases" name="MouseHover">
    <skipped/>
  </testcase> <!-- MouseHover -->
  <system-out/>
  <testcase classname="Mytestcases" name="ElementDisplayed">
    <skipped/>
  </testcase> <!-- ElementDisplayed -->
  <system-out/>
  <testcase classname="Mytestcases" name="DynamicDropDown">
    <skipped/>
  </testcase> <!-- DynamicDropDown -->
  <system-out/>
  <testcase classname="Mytestcases" name="switcALERT">
    <skipped/>
  </testcase> <!-- switcALERT -->
  <system-out/>
  <testcase classname="Mytestcases" name="SelectTag">
    <skipped/>
  </testcase> <!-- SelectTag -->
  <system-out/>
  <testcase classname="Mytestcases" name="Checkbox">
    <skipped/>
  </testcase> <!-- Checkbox -->
  <system-out/>
  <testcase classname="Mytestcases" name="Enabled_Disabled">
    <skipped/>
  </testcase> <!-- Enabled_Disabled -->
  <system-out/>
  <testcase classname="Mytestcases" name="Calendar">
    <skipped/>
  </testcase> <!-- Calendar -->
  <system-out/>
  <testcase classname="Mytestcases" name="switchWindows">
    <skipped/>
  </testcase> <!-- switchWindows -->
  <system-out/>
</testsuite> <!-- Mytestcases -->
